<?xml version="1.0" encoding="UTF-8"?>
<!-- Generated by org.testng.reporters.JUnitReportReporter -->
<testsuite skipped="0" hostname="DESKTOP-QGIA4I3" name="MyRunner.TestRunner" tests="1" failures="0" timestamp="02 Apr 2020 17:10:45 GMT" time="34.651" errors="0">
  <testcase name="feature" time="34.651" classname="MyRunner.TestRunner"/>
</testsuite> <!-- MyRunner.TestRunner -->
